\BOOKMARK [1][-]{section.1}{Zielsetzung}{}% 1
\BOOKMARK [1][-]{section.2}{\334bersicht}{}% 2
\BOOKMARK [1][-]{section.3}{Aufbau Target 12}{}% 3
\BOOKMARK [2][-]{subsection.3.1}{Station 1: Verteilen}{section.3}% 4
\BOOKMARK [3][-]{subsubsection.3.1.1}{Module}{subsection.3.1}% 5
\BOOKMARK [4][-]{paragraph.3.1.1.1}{Stapelmagazin}{subsubsection.3.1.1}% 6
\BOOKMARK [4][-]{paragraph.3.1.1.2}{Umsetzen}{subsubsection.3.1.1}% 7
\BOOKMARK [3][-]{subsubsection.3.1.2}{Sensoren/Aktoren}{subsection.3.1}% 8
\BOOKMARK [2][-]{subsection.3.2}{Station 2: Pr\374fen}{section.3}% 9
\BOOKMARK [3][-]{subsubsection.3.2.1}{Module}{subsection.3.2}% 10
\BOOKMARK [4][-]{paragraph.3.2.1.1}{Erkennen}{subsubsection.3.2.1}% 11
\BOOKMARK [4][-]{paragraph.3.2.1.2}{Heben und Schieben}{subsubsection.3.2.1}% 12
\BOOKMARK [4][-]{paragraph.3.2.1.3}{Messen}{subsubsection.3.2.1}% 13
\BOOKMARK [4][-]{paragraph.3.2.1.4}{Rutsche}{subsubsection.3.2.1}% 14
\BOOKMARK [3][-]{subsubsection.3.2.2}{Sensoren/Aktoren}{subsection.3.2}% 15
\BOOKMARK [2][-]{subsection.3.3}{SPS Komponenten}{section.3}% 16
\BOOKMARK [1][-]{section.4}{Aufbau Target 34}{}% 17
\BOOKMARK [2][-]{subsection.4.1}{Station 3: Bearbeiten}{section.4}% 18
\BOOKMARK [3][-]{subsubsection.4.1.1}{Module}{subsection.4.1}% 19
\BOOKMARK [4][-]{paragraph.4.1.1.1}{Rundschalttisch}{subsubsection.4.1.1}% 20
\BOOKMARK [4][-]{paragraph.4.1.1.2}{Bohren}{subsubsection.4.1.1}% 21
\BOOKMARK [4][-]{paragraph.4.1.1.3}{Bohrlochpr\374fung}{subsubsection.4.1.1}% 22
\BOOKMARK [3][-]{subsubsection.4.1.2}{Sensoren/Aktoren}{subsection.4.1}% 23
\BOOKMARK [2][-]{subsection.4.2}{Station 4: Handhaben}{section.4}% 24
\BOOKMARK [3][-]{subsubsection.4.2.1}{Module}{subsection.4.2}% 25
\BOOKMARK [4][-]{paragraph.4.2.1.1}{Schwenkarm}{subsubsection.4.2.1}% 26
\BOOKMARK [4][-]{paragraph.4.2.1.2}{Rutsche}{subsubsection.4.2.1}% 27
\BOOKMARK [3][-]{subsubsection.4.2.2}{Sensoren/Aktoren}{subsection.4.2}% 28
\BOOKMARK [2][-]{subsection.4.3}{SPS Komponenten}{section.4}% 29
\BOOKMARK [1][-]{section.5}{Aufbau Target 56}{}% 30
\BOOKMARK [2][-]{subsection.5.1}{Station 5: Puffern}{section.5}% 31
\BOOKMARK [3][-]{subsubsection.5.1.1}{Module}{subsection.5.1}% 32
\BOOKMARK [4][-]{paragraph.5.1.1.1}{F\366rderband}{subsubsection.5.1.1}% 33
\BOOKMARK [4][-]{paragraph.5.1.1.2}{Vereinzelung}{subsubsection.5.1.1}% 34
\BOOKMARK [3][-]{subsubsection.5.1.2}{Sensoren/Aktoren}{subsection.5.1}% 35
\BOOKMARK [2][-]{subsection.5.2}{Station 6: Sortieren}{section.5}% 36
\BOOKMARK [3][-]{subsubsection.5.2.1}{Module}{subsection.5.2}% 37
\BOOKMARK [4][-]{paragraph.5.2.1.1}{Sortierband}{subsubsection.5.2.1}% 38
\BOOKMARK [4][-]{paragraph.5.2.1.2}{Rutsche}{subsubsection.5.2.1}% 39
\BOOKMARK [3][-]{subsubsection.5.2.2}{Sensoren/Aktoren}{subsection.5.2}% 40
\BOOKMARK [2][-]{subsection.5.3}{SPS Komponenten}{section.5}% 41
\BOOKMARK [1][-]{section.6}{Aufbau Target Roboter}{}% 42
\BOOKMARK [2][-]{subsection.6.1}{Station Roboter}{section.6}% 43
\BOOKMARK [3][-]{subsubsection.6.1.1}{Module}{subsection.6.1}% 44
\BOOKMARK [4][-]{paragraph.6.1.1.1}{Roboter Modul}{subsubsection.6.1.1}% 45
\BOOKMARK [4][-]{paragraph.6.1.1.2}{Handling Modul}{subsubsection.6.1.1}% 46
\BOOKMARK [4][-]{paragraph.6.1.1.3}{Assembly Modul}{subsubsection.6.1.1}% 47
\BOOKMARK [3][-]{subsubsection.6.1.2}{Funktionsbeschreibung der Sensoren/Aktoren}{subsection.6.1}% 48
\BOOKMARK [2][-]{subsection.6.2}{Roboter Steuerungs Komponenten}{section.6}% 49
\BOOKMARK [1][-]{section.7}{System Netzwerk Struktur}{}% 50
